2021-05-28 15:49:38.592  INFO DESKTOP-D58CC64 --- [           main] c.a.w.WooferServerApplication            : Starting WooferServerApplication on DESKTOP-D58CC64 with PID 11668 (F:\Revature\woofer-server\build\classes\java\main started by mikez in F:\Revature\woofer-server)
2021-05-28 15:49:38.601  INFO DESKTOP-D58CC64 --- [           main] c.a.w.WooferServerApplication            : No active profile set, falling back to default profiles: default
2021-05-28 15:49:40.419  INFO DESKTOP-D58CC64 --- [           main] .s.d.r.c.RepositoryConfigurationDelegate : Bootstrapping Spring Data JPA repositories in DEFAULT mode.
2021-05-28 15:49:40.546  INFO DESKTOP-D58CC64 --- [           main] .s.d.r.c.RepositoryConfigurationDelegate : Finished Spring Data repository scanning in 113ms. Found 3 JPA repository interfaces.
2021-05-28 15:49:42.582  INFO DESKTOP-D58CC64 --- [           main] o.s.b.w.e.t.TomcatWebServer              : Tomcat initialized with port(s): 9000 (http)
2021-05-28 15:49:42.592  INFO DESKTOP-D58CC64 --- [           main] o.a.c.h.Http11NioProtocol                : Initializing ProtocolHandler ["http-nio-9000"]
2021-05-28 15:49:42.593  INFO DESKTOP-D58CC64 --- [           main] o.a.c.c.StandardService                  : Starting service [Tomcat]
2021-05-28 15:49:42.593  INFO DESKTOP-D58CC64 --- [           main] o.a.c.c.StandardEngine                   : Starting Servlet engine: [Apache Tomcat/9.0.46]
2021-05-28 15:49:42.804  INFO DESKTOP-D58CC64 --- [           main] o.a.c.c.C.[.[.[/]                        : Initializing Spring embedded WebApplicationContext
2021-05-28 15:49:42.805  INFO DESKTOP-D58CC64 --- [           main] w.s.c.ServletWebServerApplicationContext : Root WebApplicationContext: initialization completed in 4096 ms
2021-05-28 15:49:43.708  INFO DESKTOP-D58CC64 --- [           main] o.h.j.i.u.LogHelper                      : HHH000204: Processing PersistenceUnitInfo [name: default]
2021-05-28 15:49:43.795  INFO DESKTOP-D58CC64 --- [           main] o.h.Version                              : HHH000412: Hibernate ORM core version 5.4.31.Final
2021-05-28 15:49:44.093  INFO DESKTOP-D58CC64 --- [           main] o.h.a.c.Version                          : HCANN000001: Hibernate Commons Annotations {5.1.2.Final}
2021-05-28 15:49:44.634  INFO DESKTOP-D58CC64 --- [           main] c.z.h.HikariDataSource                   : HikariPool-1 - Starting...
2021-05-28 15:49:44.801  INFO DESKTOP-D58CC64 --- [           main] c.z.h.HikariDataSource                   : HikariPool-1 - Start completed.
2021-05-28 15:49:44.819  INFO DESKTOP-D58CC64 --- [           main] o.h.d.Dialect                            : HHH000400: Using dialect: org.hibernate.dialect.PostgreSQLDialect
2021-05-28 15:49:45.715  INFO DESKTOP-D58CC64 --- [           main] o.h.e.t.j.p.i.JtaPlatformInitiator       : HHH000490: Using JtaPlatform implementation: [org.hibernate.engine.transaction.jta.platform.internal.NoJtaPlatform]
2021-05-28 15:49:45.723  INFO DESKTOP-D58CC64 --- [           main] j.LocalContainerEntityManagerFactoryBean : Initialized JPA EntityManagerFactory for persistence unit 'default'
2021-05-28 15:49:45.815  WARN DESKTOP-D58CC64 --- [           main] JpaBaseConfiguration$JpaWebConfiguration : spring.jpa.open-in-view is enabled by default. Therefore, database queries may be performed during view rendering. Explicitly configure spring.jpa.open-in-view to disable this warning
2021-05-28 15:49:47.938  INFO DESKTOP-D58CC64 --- [           main] pertySourcedRequestMappingHandlerMapping : Mapped URL path [/v2/api-docs] onto method [springfox.documentation.swagger2.web.Swagger2Controller#getDocumentation(String, HttpServletRequest)]
2021-05-28 15:49:48.060  INFO DESKTOP-D58CC64 --- [           main] .s.s.UserDetailsServiceAutoConfiguration : 

Using generated security password: 065cf7e0-e906-411e-ba0a-58d9d9108424

2021-05-28 15:49:48.368  INFO DESKTOP-D58CC64 --- [           main] o.s.s.w.DefaultSecurityFilterChain       : Creating filter chain: any request, [org.springframework.security.web.context.request.async.WebAsyncManagerIntegrationFilter@4a0fc665, org.springframework.security.web.context.SecurityContextPersistenceFilter@491f3fb0, org.springframework.security.web.header.HeaderWriterFilter@434a2a10, org.springframework.security.web.authentication.logout.LogoutFilter@2709e075, org.springframework.security.web.savedrequest.RequestCacheAwareFilter@58a0f75b, org.springframework.security.web.servletapi.SecurityContextHolderAwareRequestFilter@4a778943, org.springframework.security.web.authentication.AnonymousAuthenticationFilter@207f7baa, org.springframework.security.web.session.SessionManagementFilter@134ec0f3, org.springframework.security.web.access.ExceptionTranslationFilter@684eb4a0, org.springframework.security.web.access.intercept.FilterSecurityInterceptor@7136ad9a]
2021-05-28 15:49:48.779  INFO DESKTOP-D58CC64 --- [           main] o.s.s.c.ThreadPoolTaskExecutor           : Initializing ExecutorService 'applicationTaskExecutor'
2021-05-28 15:49:49.074  INFO DESKTOP-D58CC64 --- [           main] o.a.c.h.Http11NioProtocol                : Starting ProtocolHandler ["http-nio-9000"]
2021-05-28 15:49:49.103  INFO DESKTOP-D58CC64 --- [           main] o.s.b.w.e.t.TomcatWebServer              : Tomcat started on port(s): 9000 (http) with context path ''
2021-05-28 15:49:49.105  INFO DESKTOP-D58CC64 --- [           main] d.s.w.p.DocumentationPluginsBootstrapper : Context refreshed
2021-05-28 15:49:49.128  INFO DESKTOP-D58CC64 --- [           main] d.s.w.p.DocumentationPluginsBootstrapper : Found 1 custom documentation plugin(s)
2021-05-28 15:49:49.165  INFO DESKTOP-D58CC64 --- [           main] s.d.s.w.s.ApiListingReferenceScanner     : Scanning for api listing references
2021-05-28 15:49:49.577  INFO DESKTOP-D58CC64 --- [           main] c.a.w.WooferServerApplication            : Started WooferServerApplication in 11.498 seconds (JVM running for 12.959)
2021-05-28 15:49:54.542  INFO DESKTOP-D58CC64 --- [nio-9000-exec-2] o.a.c.c.C.[.[.[/]                        : Initializing Spring DispatcherServlet 'dispatcherServlet'
2021-05-28 15:49:54.549  INFO DESKTOP-D58CC64 --- [nio-9000-exec-2] o.s.w.s.DispatcherServlet                : Initializing Servlet 'dispatcherServlet'
2021-05-28 15:49:54.575  INFO DESKTOP-D58CC64 --- [nio-9000-exec-2] o.s.w.s.DispatcherServlet                : Completed initialization in 24 ms
2021-05-28 15:49:54.943  INFO DESKTOP-D58CC64 --- [nio-9000-exec-2] c.a.w.c.UserController                   : Searching for user with id: 2
